\BOOKMARK [1][-]{section.1}{Introduction}{}% 1
\BOOKMARK [2][-]{subsection.1.1}{Role}{section.1}% 2
\BOOKMARK [1][-]{section.2}{Technologies}{}% 3
\BOOKMARK [1][-]{section.3}{IoT Cellular Networks}{}% 4
\BOOKMARK [2][-]{subsection.3.1}{LTE CAT-1}{section.3}% 5
\BOOKMARK [2][-]{subsection.3.2}{4G LTE CAT-M1}{section.3}% 6
\BOOKMARK [2][-]{subsection.3.3}{4G CAT-NB1 \(NB-IoT\)}{section.3}% 7
\BOOKMARK [2][-]{subsection.3.4}{Recommendations}{section.3}% 8
\BOOKMARK [1][-]{section.4}{LPWAN Radio Technologies}{}% 9
\BOOKMARK [2][-]{subsection.4.1}{LoRa}{section.4}% 10
\BOOKMARK [2][-]{subsection.4.2}{SigFox}{section.4}% 11
\BOOKMARK [2][-]{subsection.4.3}{nRF}{section.4}% 12
\BOOKMARK [2][-]{subsection.4.4}{Recommendations}{section.4}% 13
\BOOKMARK [1][-]{section.5}{Radio Transceivers}{}% 14
\BOOKMARK [2][-]{subsection.5.1}{Analog Devices: ADF7030-1}{section.5}% 15
\BOOKMARK [2][-]{subsection.5.2}{RFSolutions: RF-LORA-915-SO}{section.5}% 16
\BOOKMARK [2][-]{subsection.5.3}{STMicroelectronics: S2-LP}{section.5}% 17
\BOOKMARK [2][-]{subsection.5.4}{Recommendations}{section.5}% 18
\BOOKMARK [1][-]{section.6}{Appendix}{}% 19
\BOOKMARK [2][-]{subsection.6.1}{Abbreviations}{section.6}% 20
\BOOKMARK [1][-]{section.7}{References}{}% 21
\BOOKMARK [1][-]{section.7}{References}{}% 22
